#
# A fatal error has been detected by the Java Runtime Environment:
#
#  EXCEPTION_ACCESS_VIOLATION (0xc0000005) at pc=0x00007ffe0e88b864, pid=18688, tid=10976
#
# JRE version: Java(TM) SE Runtime Environment (25.0.1+8) (build 25.0.1+8-LTS-27)
# Java VM: Java HotSpot(TM) 64-Bit Server VM (25.0.1+8-LTS-27, mixed mode, sharing, tiered, compressed oops, compressed class ptrs, parallel gc, windows-amd64)
# Problematic frame:
# V  [jvm.dll+0x45b864]
#
# No core dump will be written. Minidumps are not enabled by default on client versions of Windows
#
# If you would like to submit a bug report, please visit:
#   https://bugreport.java.com/bugreport/crash.jsp
#

---------------  S U M M A R Y ------------

Command Line: -Djdk.xml.maxGeneralEntitySizeLimit=0 -Djdk.xml.totalEntitySizeLimit=0 --add-modules=ALL-SYSTEM --add-opens=java.base/java.util=ALL-UNNAMED --add-opens=java.base/java.lang=ALL-UNNAMED --add-opens=java.base/sun.nio.fs=ALL-UNNAMED -Declipse.application=org.eclipse.jdt.ls.core.id1 -Dosgi.bundles.defaultStartLevel=4 -Declipse.product=org.eclipse.jdt.ls.core.product -Djava.import.generatesMetadataFilesAtProjectRoot=false -DDetectVMInstallationsJob.disabled=true -Dfile.encoding=utf8 -XX:+UseParallelGC -XX:GCTimeRatio=4 -XX:AdaptiveSizePolicyWeight=90 -Dsun.zip.disableMemoryMapping=true -Xmx2G -Xms100m -Xlog:disable -javaagent:c:\Users\MuSong\.vscode\extensions\redhat.java-1.53.2026013108-win32-x64\lombok\lombok-1.18.39-4050.jar -XX:+HeapDumpOnOutOfMemoryError -XX:HeapDumpPath=c:\Users\MuSong\AppData\Roaming\Code\User\workspaceStorage\b76a47660dab33d7b2cbaf05f8abfcca\redhat.java -Daether.dependencyCollector.impl=bf -XX:+UnlockDiagnosticVMOptions -XX:+AllowArchivingWithJavaAgent -XX:+AutoCreateSharedArchive -XX:SharedArchiveFile=c:\Users\MuSong\AppData\Roaming\Code\User\globalStorage\redhat.java\1.53.2026013108\jdtls.jsa c:\Users\MuSong\.vscode\extensions\redhat.java-1.53.2026013108-win32-x64\server\plugins\org.eclipse.equinox.launcher_1.7.100.v20251111-0406.jar -configuration c:\Users\MuSong\AppData\Roaming\Code\User\globalStorage\redhat.java\1.53.2026013108\config_win -data c:\Users\MuSong\AppData\Roaming\Code\User\workspaceStorage\b76a47660dab33d7b2cbaf05f8abfcca\redhat.java\jdt_ws --pipe=\\.\pipe\lsp-22de37b9207a9b75d44d4e55dd7cad25-sock

Host: AMD Ryzen 5 9600X 6-Core Processor             , 12 cores, 31G,  Windows 10 , 64 bit Build 19041 (10.0.19041.5915)
Time: Sun Feb  1 15:17:29 2026 elapsed time: 8781.634831 seconds (0d 2h 26m 21s)

---------------  T H R E A D  ---------------

Current thread (0x000001c0d528de80):  VMThread "VM Thread"          [id=10976, stack(0x0000008948500000,0x0000008948600000) (1024K)]

Stack: [0x0000008948500000,0x0000008948600000],  sp=0x00000089485ff530,  free space=1021k
Native frames: (J=compiled Java code, j=interpreted, Vv=VM code, C=native code)
V  [jvm.dll+0x45b864]  (no source info available)
V  [jvm.dll+0x45b8af]  (no source info available)
V  [jvm.dll+0x461316]  (no source info available)
V  [jvm.dll+0x38668a]  (no source info available)
V  [jvm.dll+0x3855c6]  (no source info available)
V  [jvm.dll+0x385a03]  (no source info available)
V  [jvm.dll+0x96f091]  (no source info available)
V  [jvm.dll+0x9703ad]  (no source info available)
V  [jvm.dll+0x970929]  (no source info available)
V  [jvm.dll+0x970bd3]  (no source info available)
V  [jvm.dll+0x906a0d]  (no source info available)
V  [jvm.dll+0x7a5135]  (no source info available)
C  [ucrtbase.dll+0x21bb2]  (no source info available)
C  [KERNEL32.DLL+0x17374]  (no source info available)
C  [ntdll.dll+0x4cc91]  (no source info available)


siginfo: EXCEPTION_ACCESS_VIOLATION (0xc0000005), reading address 0x00000000000000e0


Registers:
RAX=0x000000002b183901, RBX=0x0000000000000000, RCX=0x0000000000000000, RDX=0x000001c0d2e90000
RSP=0x00000089485ff530, RBP=0x00000089485ff610, RSI=0x0000000000000001, RDI=0x000001c1007bfab0
R8 =0x000001c0d3067e00, R9 =0x0000000000000001, R10=0x0000000000008000, R11=0x00000089485ff4c0
R12=0x00007ffe0eefdbd0, R13=0x00007ffe0ef0acb8, R14=0x000001c0fde133c8, R15=0x00007ffe0eefdaf8
RIP=0x00007ffe0e88b864, EFLAGS=0x0000000000010287

XMM[0]=0x0000000000000000 0x0000000000000000
XMM[1]=0x000001c0fd673460 0x000001c0fd673300
XMM[2]=0x000001c0fd674928 0x000001c0fd674980
XMM[3]=0x000001c0fd674fa8 0x000001c0fd675058
XMM[4]=0x000001c0fd6754a8 0x000001c0fd675500
XMM[5]=0x000001c0fd673408 0x000001c0fd673460
XMM[6]=0x0000000000000000 0x0000000000000000
XMM[7]=0x0000000000000000 0x0000000000000000
XMM[8]=0x0000000000000000 0x404e000000000000
XMM[9]=0x0000000000000000 0x0000000000000000
XMM[10]=0x0000000000000000 0x0000000000000000
XMM[11]=0x0000000000000000 0x0000000000000000
XMM[12]=0x0000000000000000 0x0000000000000000
XMM[13]=0x0000000000000000 0x0000000000000000
XMM[14]=0x0000000000000000 0x0000000000000000
XMM[15]=0x0000000000000000 0x0000000000000000
  MXCSR=0x00001fa0


Register to memory mapping:

RAX=0x000000002b183901 is pointing into metadata
RBX=0x0 is null
RCX=0x0 is null
RDX=0x000001c0d2e90000 points into unknown readable memory: 0x0000000000000000 | 00 00 00 00 00 00 00 00
RSP=0x00000089485ff530 points into unknown readable memory: 0x000001c0948c2d10 | 10 2d 8c 94 c0 01 00 00
RBP=0x00000089485ff610 points into unknown readable memory: 0x00007ffe0ef0acc8 | c8 ac f0 0e fe 7f 00 00
RSI=0x0000000000000001 is an unknown value
RDI=0x000001c1007bfab0 points into unknown readable memory: 0x0000000000000000 | 00 00 00 00 00 00 00 00
R8 =0x000001c0d3067e00 points into unknown readable memory: 0x000001c0d3060d80 | 80 0d 06 d3 c0 01 00 00
R9 =0x0000000000000001 is an unknown value
R10=0x0000000000008000 is an unknown value
R11=0x00000089485ff4c0 points into unknown readable memory: 0x00007ffe0eefdaf8 | f8 da ef 0e fe 7f 00 00
R12=0x00007ffe0eefdbd0 jvm.dll
R13=0x00007ffe0ef0acb8 jvm.dll
R14=0x000001c0fde133c8 points into unknown readable memory: 0x000000002b010080 | 80 00 01 2b 00 00 00 00
R15=0x00007ffe0eefdaf8 jvm.dll

Top of Stack: (sp=0x00000089485ff530)
0x00000089485ff530:   000001c0948c2d10 0000000000000048   .-......H.......
0x00000089485ff540:   0000000000000000 00007ffe0ea96c36   ........6l......
0x00000089485ff550:   000001c1007bfab0 00007ffe0e88b8af   ..{.............
0x00000089485ff560:   0000000000000000 0000000000000001   ................
0x00000089485ff570:   000001c0fde133c8 000001c0d52957c8   .3.......W).....
0x00000089485ff580:   000001c0fde13558 00007ffe0e891316   X5..............
0x00000089485ff590:   0000000000000000 00007ffe0ef23fe0   .........?......
0x00000089485ff5a0:   000001c0fde133c8 00000089485ff610   .3........_H....
0x00000089485ff5b0:   0000000000009df8 0000000000000000   ................
0x00000089485ff5c0:   00000000000013bf 00000089482fe800   ........../H....
0x00000089485ff5d0:   000001c0fde133c8 00007ffe0e7b668a   .3.......f{.....
0x00000089485ff5e0:   0000000000000048 000001c0d52957c8   H........W).....
0x00000089485ff5f0:   0000000000000000 000000000053d6c1   ..........S.....
0x00000089485ff600:   000001c0fde12f88 00000011000001d8   ./..............
0x00000089485ff610:   00007ffe0ef0acc8 0000000000000000   ................
0x00000089485ff620:   0000000000000000 0000000000000000   ................
0x00000089485ff630:   00000000000003d8 0000000000000000   ................
0x00000089485ff640:   000000002c00e870 00000089482fe800   p..,....../H....
0x00000089485ff650:   0000000000017ff0 00007ffe0eec7360   ........`s......
0x00000089485ff660:   0000000000002ffe 00007ffe0e7b55c6   ./.......U{.....
0x00000089485ff670:   00007ffe000013bf 0000000000009df8   ................
0x00000089485ff680:   000001c0d52957c8 00007ffe0f1a8ce8   .W).............
0x00000089485ff690:   0000000000000000 0000000000000000   ................
0x00000089485ff6a0:   000000000000009c 0000000000000000   ................
0x00000089485ff6b0:   0000000000000000 00007ffe0edad693   ................
0x00000089485ff6c0:   00007ffe0f1238a0 0000000000000100   .8..............
0x00000089485ff6d0:   000003773530f105 00007ffe82410e92   ..05w.....A.....
0x00000089485ff6e0:   0000000000000000 00007ffe0ebd10bf   ................
0x00000089485ff6f0:   000000000000001f 00007ffe0edad563   ........c.......
0x00000089485ff700:   000001c0000003e8 00007ffe0ed39c10   ................
0x00000089485ff710:   000001c0d5288f60 000001c0d5289350   `.(.....P.(.....
0x00000089485ff720:   00007ffe0f1d1b70 00007ffe0eec7360   p.......`s......

Instructions: (pc=0x00007ffe0e88b864)
  0x00007ffe0e88b764:   7e 20 74 0c 4d 89 66 18 4d 89 7e 20 4d 89 6e 28
  0x00007ffe0e88b774:   4c 8b b4 24 08 01 00 00 4c 8b ac 24 10 01 00 00
  0x00007ffe0e88b784:   4c 8b a4 24 18 01 00 00 4c 8b bc 24 00 01 00 00
  0x00007ffe0e88b794:   48 83 7c 24 40 00 74 55 48 8b 9f b0 06 00 00 48
  0x00007ffe0e88b7a4:   8d 44 24 58 33 c9 48 89 45 a8 48 8d 45 99 48 89
  0x00007ffe0e88b7b4:   4d c8 89 4d b8 4c 8d 44 24 50 88 4d c0 48 8d 54
  0x00007ffe0e88b7c4:   24 40 4c 8b cf 48 89 45 b0 48 8d 4c 24 30 48 89
  0x00007ffe0e88b7d4:   b7 b0 06 00 00 c7 45 bc 08 00 00 00 c6 44 24 30
  0x00007ffe0e88b7e4:   0e e8 66 f8 01 00 48 89 9f b0 06 00 00 48 8d 4c
  0x00007ffe0e88b7f4:   24 40 e8 05 eb fd ff 48 8b 9c 24 50 01 00 00 48
  0x00007ffe0e88b804:   8b 4d f0 48 33 cc e8 c1 c5 58 00 48 81 c4 20 01
  0x00007ffe0e88b814:   00 00 5f 5e 5d c3 cc cc cc cc cc cc 0f b7 41 0e
  0x00007ffe0e88b824:   66 c1 e8 09 a8 01 74 03 32 c0 c3 e9 6c 9b 20 00
  0x00007ffe0e88b834:   cc cc cc cc cc cc cc cc cc cc cc cc 48 89 5c 24
  0x00007ffe0e88b844:   08 48 89 74 24 10 57 48 83 ec 20 48 3b 0d 6a ed
  0x00007ffe0e88b854:   8d 00 48 8b d9 73 09 48 3b 0d 56 ed 8d 00 73 5b
=>0x00007ffe0e88b864:   48 8b 81 e0 00 00 00 66 83 78 30 32 72 5f 48 8b
  0x00007ffe0e88b874:   01 ff 50 78 48 85 c0 74 15 48 8b 03 48 8b cb ff
  0x00007ffe0e88b884:   50 78 48 8b c8 e8 b2 ff ff ff 84 c0 74 3f 48 8b
  0x00007ffe0e88b894:   bb a0 01 00 00 48 63 37 48 85 f6 7e 1e 33 db 48
  0x00007ffe0e88b8a4:   83 c7 08 48 8b 0f e8 91 ff ff ff 84 c0 74 1e 48
  0x00007ffe0e88b8b4:   ff c3 48 83 c7 08 48 3b de 7c e8 b0 01 48 8b 5c
  0x00007ffe0e88b8c4:   24 30 48 8b 74 24 38 48 83 c4 20 5f c3 48 8b 5c
  0x00007ffe0e88b8d4:   24 30 32 c0 48 8b 74 24 38 48 83 c4 20 5f c3 cc
  0x00007ffe0e88b8e4:   cc cc cc cc cc cc cc cc cc cc cc cc 4c 89 44 24
  0x00007ffe0e88b8f4:   18 53 56 57 48 83 ec 70 48 3b 15 0d 53 8e 00 49
  0x00007ffe0e88b904:   8b f0 48 8b fa 48 8b d9 0f 84 88 02 00 00 48 8b
  0x00007ffe0e88b914:   4a 08 48 85 c9 0f 84 7b 02 00 00 ff 15 fb e6 87
  0x00007ffe0e88b924:   00 48 85 c0 0f 84 6c 02 00 00 48 8b cf e8 2a b9
  0x00007ffe0e88b934:   e3 ff 84 c0 0f 85 5c 02 00 00 48 85 db 0f 84 53
  0x00007ffe0e88b944:   02 00 00 66 83 7b 04 05 0f 82 48 02 00 00 48 8b
  0x00007ffe0e88b954:   b6 a8 03 00 00 48 8b cb 0f b6 43 0a 0a 43 09 0a


Stack slot to memory mapping:

stack at sp + 0 slots: 0x000001c0948c2d10 points into unknown readable memory: 0x00007ffe76106348 | 48 63 10 76 fe 7f 00 00
stack at sp + 1 slots: 0x0000000000000048 is an unknown value
stack at sp + 2 slots: 0x0 is null
stack at sp + 3 slots: 0x00007ffe0ea96c36 jvm.dll
stack at sp + 4 slots: 0x000001c1007bfab0 points into unknown readable memory: 0x0000000000000000 | 00 00 00 00 00 00 00 00
stack at sp + 5 slots: 0x00007ffe0e88b8af jvm.dll
stack at sp + 6 slots: 0x0 is null
stack at sp + 7 slots: 0x0000000000000001 is an unknown value

VM_Operation (0x00000089482fe7f0): PopulateDumpSharedSpace, mode: safepoint, requested by thread 0x000001c0d51e43c0


---------------  P R O C E S S  ---------------

Threads class SMR info:
_java_thread_list=0x000001c0f81445a0, length=32, elements={
0x000001c0d51e43c0, 0x000001c0d529f7a0, 0x000001c0eee01a90, 0x000001c0eee051c0,
0x000001c0eee08030, 0x000001c0eee0a190, 0x000001c0eee0c100, 0x000001c0d51f8df0,
0x000001c0d51f4560, 0x000001c0f5027680, 0x000001c0f553d760, 0x000001c0f7269f10,
0x000001c0f726be50, 0x000001c0f7266090, 0x000001c0f7268f70, 0x000001c0f7266860,
0x000001c0f7267fd0, 0x000001c0f853cf00, 0x000001c0f85424f0, 0x000001c0f8541550,
0x000001c0f8540d80, 0x000001c0f8541d20, 0x000001c0f8475670, 0x000001c0f8475e40,
0x000001c0f8476610, 0x000001c0f8476de0, 0x000001c0f876b640, 0x000001c0f876c5e0,
0x000001c0f7b5f3f0, 0x000001c0f913a7f0, 0x000001c0fb7d94c0, 0x000001c0fb5132c0
}

Java Threads: ( => current thread )
  0x000001c0d51e43c0 JavaThread "main"                              [_thread_blocked, id=17464, stack(0x0000008948200000,0x0000008948300000) (1024K)]
  0x000001c0d529f7a0 JavaThread "Reference Handler"          daemon [_thread_blocked, id=9108, stack(0x0000008948600000,0x0000008948700000) (1024K)]
  0x000001c0eee01a90 JavaThread "Finalizer"                  daemon [_thread_blocked, id=21648, stack(0x0000008948700000,0x0000008948800000) (1024K)]
  0x000001c0eee051c0 JavaThread "Signal Dispatcher"          daemon [_thread_blocked, id=6168, stack(0x0000008948800000,0x0000008948900000) (1024K)]
  0x000001c0eee08030 JavaThread "Attach Listener"            daemon [_thread_blocked, id=5872, stack(0x0000008948900000,0x0000008948a00000) (1024K)]
  0x000001c0eee0a190 JavaThread "Service Thread"             daemon [_thread_blocked, id=21256, stack(0x0000008948a00000,0x0000008948b00000) (1024K)]
  0x000001c0eee0c100 JavaThread "Monitor Deflation Thread"   daemon [_thread_blocked, id=21228, stack(0x0000008948b00000,0x0000008948c00000) (1024K)]
  0x000001c0d51f8df0 JavaThread "C2 CompilerThread0"         daemon [_thread_blocked, id=20016, stack(0x0000008948c00000,0x0000008948d00000) (1024K)]
  0x000001c0d51f4560 JavaThread "C1 CompilerThread0"         daemon [_thread_blocked, id=18636, stack(0x0000008948d00000,0x0000008948e00000) (1024K)]
  0x000001c0f5027680 JavaThread "Common-Cleaner"             daemon [_thread_blocked, id=152, stack(0x0000008948e00000,0x0000008948f00000) (1024K)]
  0x000001c0f553d760 JavaThread "Notification Thread"        daemon [_thread_blocked, id=15248, stack(0x0000008949000000,0x0000008949100000) (1024K)]
  0x000001c0f7269f10 JavaThread "JNA Cleaner"                daemon [_thread_blocked, id=10832, stack(0x000000894b100000,0x000000894b200000) (1024K)]
  0x000001c0f726be50 JavaThread "InnocuousThread-1"          daemon [_thread_in_native, id=3924, stack(0x000000894b600000,0x000000894b700000) (1024K)]
  0x000001c0f7266090 JavaThread "InnocuousThread-2"          daemon [_thread_in_native, id=4688, stack(0x000000894b700000,0x000000894b800000) (1024K)]
  0x000001c0f7268f70 JavaThread "InnocuousThread-3"          daemon [_thread_in_native, id=14432, stack(0x000000894b800000,0x000000894b900000) (1024K)]
  0x000001c0f7266860 JavaThread "InnocuousThread-4"          daemon [_thread_in_native, id=21284, stack(0x000000894b900000,0x000000894ba00000) (1024K)]
  0x000001c0f7267fd0 JavaThread "InnocuousThread-5"          daemon [_thread_in_native, id=7688, stack(0x000000894ba00000,0x000000894bb00000) (1024K)]
  0x000001c0f853cf00 JavaThread "InnocuousThread-6"          daemon [_thread_in_native, id=9332, stack(0x000000894bb00000,0x000000894bc00000) (1024K)]
  0x000001c0f85424f0 JavaThread "InnocuousThread-7"          daemon [_thread_in_native, id=16360, stack(0x000000894bc00000,0x000000894bd00000) (1024K)]
  0x000001c0f8541550 JavaThread "InnocuousThread-8"          daemon [_thread_in_native, id=5380, stack(0x000000894bd00000,0x000000894be00000) (1024K)]
  0x000001c0f8540d80 JavaThread "InnocuousThread-9"          daemon [_thread_in_native, id=1220, stack(0x000000894be00000,0x000000894bf00000) (1024K)]
  0x000001c0f8541d20 JavaThread "InnocuousThread-10"         daemon [_thread_in_native, id=2812, stack(0x000000894bf00000,0x000000894c000000) (1024K)]
  0x000001c0f8475670 JavaThread "InnocuousThread-11"         daemon [_thread_in_native, id=14188, stack(0x000000894c000000,0x000000894c100000) (1024K)]
  0x000001c0f8475e40 JavaThread "InnocuousThread-12"         daemon [_thread_in_native, id=20568, stack(0x000000894c100000,0x000000894c200000) (1024K)]
  0x000001c0f8476610 JavaThread "InnocuousThread-13"         daemon [_thread_in_native, id=19860, stack(0x000000894c200000,0x000000894c300000) (1024K)]
  0x000001c0f8476de0 JavaThread "pool-2-thread-1"                   [_thread_blocked, id=10300, stack(0x000000894c300000,0x000000894c400000) (1024K)]
  0x000001c0f876b640 JavaThread "WorkspaceEventsHandler"            [_thread_blocked, id=21924, stack(0x000000894c400000,0x000000894c500000) (1024K)]
  0x000001c0f876c5e0 JavaThread "pool-1-thread-1"                   [_thread_blocked, id=11512, stack(0x000000894c500000,0x000000894c600000) (1024K)]
  0x000001c0f7b5f3f0 JavaThread "Cleaner-0"                  daemon [_thread_blocked, id=18448, stack(0x0000008949a00000,0x0000008949b00000) (1024K)]
  0x000001c0f913a7f0 JavaThread "ForkJoinPool.commonPool-worker-215" daemon [_thread_blocked, id=3692, stack(0x0000008947f00000,0x0000008948000000) (1024K)]
  0x000001c0fb7d94c0 JavaThread "pool-64-thread-1"                  [_thread_blocked, id=15104, stack(0x0000008948000000,0x0000008948100000) (1024K)]
  0x000001c0fb5132c0 JavaThread "C2 CompilerThread1"         daemon [_thread_blocked, id=13848, stack(0x0000008948100000,0x0000008948200000) (1024K)]
Total: 32

Other Threads:
=>0x000001c0d528de80 VMThread "VM Thread"                           [id=10976, stack(0x0000008948500000,0x0000008948600000) (1024K)]
  0x000001c0eedfca60 WatcherThread "VM Periodic Task Thread"        [id=8900, stack(0x0000008948400000,0x0000008948500000) (1024K)]
  0x000001c0d5201ef0 WorkerThread "GC Thread#0"                     [id=17872, stack(0x0000008948300000,0x0000008948400000) (1024K)]
  0x000001c0f5a64390 WorkerThread "GC Thread#1"                     [id=13756, stack(0x0000008949200000,0x0000008949300000) (1024K)]
  0x000001c0f5865440 WorkerThread "GC Thread#2"                     [id=1352, stack(0x0000008949300000,0x0000008949400000) (1024K)]
  0x000001c0f5865870 WorkerThread "GC Thread#3"                     [id=11724, stack(0x0000008949400000,0x0000008949500000) (1024K)]
  0x000001c0f5d44ee0 WorkerThread "GC Thread#4"                     [id=19008, stack(0x0000008949c00000,0x0000008949d00000) (1024K)]
  0x000001c0f5aec140 WorkerThread "GC Thread#5"                     [id=13600, stack(0x000000894a700000,0x000000894a800000) (1024K)]
  0x000001c0f5aee810 WorkerThread "GC Thread#6"                     [id=15984, stack(0x000000894a800000,0x000000894a900000) (1024K)]
  0x000001c0f759dfd0 WorkerThread "GC Thread#7"                     [id=20004, stack(0x000000894aa00000,0x000000894ab00000) (1024K)]
  0x000001c0f759b900 WorkerThread "GC Thread#8"                     [id=19620, stack(0x000000894ab00000,0x000000894ac00000) (1024K)]
  0x000001c0f759e870 WorkerThread "GC Thread#9"                     [id=8636, stack(0x000000894af00000,0x000000894b000000) (1024K)]
Total: 12

Threads with active compile tasks:
C2 CompilerThread0  8781680 44761       4       java.lang.invoke.InvokerBytecodeGenerator::emitPushArguments (48 bytes)
C2 CompilerThread1  8781680 44660       4       java.lang.invoke.DirectMethodHandle::make (275 bytes)
Total: 2

VM state: at safepoint (normal execution)

VM Mutex/Monitor currently owned by a thread:  ([mutex/lock_event])
[0x00007ffe0f1a8ce8] DumpTimeTable_lock - owner thread: 0x000001c0d528de80
[0x00007ffe0f1a94e8] Threads_lock - owner thread: 0x000001c0d528de80
[0x00007ffe0f1a9668] Heap_lock - owner thread: 0x000001c0d51e43c0

Heap address: 0x0000000080000000, size: 2048 MB, Compressed Oops mode: 32-bit

CDS archive(s) mapped at: [0x000000002b000000-0x000000002bdd0000-0x000000002bdd0000), size 14483456, SharedBaseAddress: 0x000000002b000000, ArchiveRelocationMode: 1.
Compressed class space mapped at: 0x000000002c000000-0x000000006c000000, reserved size: 1073741824
UseCompressedClassPointers 1, UseCompactObjectHeaders 0
Narrow klass pointer bits 32, Max shift 3
Narrow klass base: 0x000000002b000000, Narrow klass shift: 0
Encoding Range: [0x000000002b000000 - 0x000000012b000000), (4294967296 bytes)
Klass Range:    [0x000000002b010000 - 0x000000006c000000), (1090453504 bytes)
Klass ID Range:  [65536 - 1090519033) (1090453497)
Protection zone: [0x000000002b000000 - 0x000000002b010000), (65536 bytes)

GC Precious Log:
 CardTable entry size: 512
 CPUs: 12 total, 12 available
 Memory: 31862M
 Large Page Support: Disabled
 NUMA Support: Disabled
 Compressed Oops: Enabled (32-bit)
 Alignments: Space 512K, Generation 512K, Heap 2M
 Heap Min Capacity: 100M
 Heap Initial Capacity: 100M
 Heap Max Capacity: 2G
 Pre-touch: Disabled
 Parallel Workers: 10

Heap:
 PSYoungGen      total 33280K, used 29459K [0x00000000d5580000, 0x00000000d7880000, 0x0000000100000000)
  eden space 31744K, 89% used [0x00000000d5580000,0x00000000d7144d98,0x00000000d7480000)
  from space 1536K, 66% used [0x00000000d7700000,0x00000000d7800020,0x00000000d7880000)
  to   space 1536K, 0% used [0x00000000d7580000,0x00000000d7580000,0x00000000d7700000)
 ParOldGen       total 860160K, used 345920K [0x0000000080000000, 0x00000000b4800000, 0x00000000d5580000)
  object space 860160K, 40% used [0x0000000080000000,0x00000000951d0100,0x00000000b4800000)

Card table byte_map: [0x000001c0d4c50000,0x000001c0d5050000] _byte_map_base: 0x000001c0d4850000

Marking Bits: (ParMarkBitMap*) 0x00007ffe0f1aea00
 Begin Bits: [0x000001c0ecd20000, 0x000001c0eed20000)

Polling page: 0x000001c0d3110000

Metaspace:
Metaspace        used 116036K, committed 118528K, reserved 1179648K
 class space     used 10248K, committed 11392K, reserved 1048576K

Usage:
  Non-class:    103.31 MB used.
      Class:     10.01 MB used.
       Both:    113.32 MB used.

Virtual space:
  Non-class space:      128.00 MB reserved,     104.62 MB ( 82%) committed,  2 nodes.
      Class space:        1.00 GB reserved,      11.12 MB (  1%) committed,  1 nodes.
             Both:        1.12 GB reserved,     115.75 MB ( 10%) committed. 

Chunk freelists:
   Non-Class:  23.24 MB
       Class:  4.93 MB
        Both:  28.17 MB

MaxMetaspaceSize: unlimited
CompressedClassSpaceSize: 1.00 GB
Initial GC threshold: 21.00 MB
Current GC threshold: 178.06 MB
CDS: on
 - commit_granule_bytes: 65536.
 - commit_granule_words: 8192.
 - virtual_space_node_default_size: 8388608.
 - enlarge_chunks_in_place: 1.
UseCompressedClassPointers 1, UseCompactObjectHeaders 0
Narrow klass pointer bits 32, Max shift 3
Narrow klass base: 0x000000002b000000, Narrow klass shift: 0
Encoding Range: [0x000000002b000000 - 0x000000012b000000), (4294967296 bytes)
Klass Range:    [0x000000002b010000 - 0x000000006c000000), (1090453504 bytes)
Klass ID Range:  [65536 - 1090519033) (1090453497)
Protection zone: [0x000000002b000000 - 0x000000002b010000), (65536 bytes)


Internal statistics:

num_allocs_failed_limit: 11.
num_arena_births: 2646.
num_arena_deaths: 416.
num_vsnodes_births: 3.
num_vsnodes_deaths: 0.
num_space_committed: 2168.
num_space_uncommitted: 98.
num_chunks_returned_to_freelist: 1365.
num_chunks_taken_from_freelist: 9235.
num_chunk_merges: 474.
num_chunk_splits: 5825.
num_chunks_enlarged: 3765.
num_inconsistent_stats: 0.

CodeHeap 'non-profiled nmethods': size=120064Kb used=27064Kb max_used=29721Kb free=92999Kb
 bounds [0x000001c0e5530000, 0x000001c0e7240000, 0x000001c0eca70000]
CodeHeap 'profiled nmethods': size=120000Kb used=55270Kb max_used=63904Kb free=64729Kb
 bounds [0x000001c0dda70000, 0x000001c0e18e0000, 0x000001c0e4fa0000]
CodeHeap 'non-nmethods': size=5696Kb used=1682Kb max_used=1710Kb free=4013Kb
 bounds [0x000001c0e4fa0000, 0x000001c0e5210000, 0x000001c0e5530000]
CodeCache: size=245760Kb, used=84016Kb, max_used=95335Kb, free=161741Kb
 total_blobs=30391, nmethods=29443, adapters=847, full_count=0
Compilation: enabled, stopped_count=0, restarted_count=0

Compilation events (20 events):
Event: 8780.404 Thread 0x000001c0d51f4560 nmethod 44737 0x000001c0df11bd88 code [0x000001c0df11be80, 0x000001c0df11bf70]
Event: 8780.404 Thread 0x000001c0d51f4560 44740       3       java.lang.invoke.MethodHandles::zero (28 bytes)
Event: 8780.404 Thread 0x000001c0d51f4560 nmethod 44740 0x000001c0df9a2708 code [0x000001c0df9a2800, 0x000001c0df9a2be0]
Event: 8780.404 Thread 0x000001c0d51f4560 44743       3       java.lang.invoke.MethodHandles::empty (21 bytes)
Event: 8780.405 Thread 0x000001c0d51f4560 nmethod 44743 0x000001c0def8a208 code [0x000001c0def8a300, 0x000001c0def8a9d8]
Event: 8780.407 Thread 0x000001c0d51f8df0 44761       4       java.lang.invoke.InvokerBytecodeGenerator::emitPushArguments (48 bytes)
Event: 8780.411 Thread 0x000001c0d51f4560 44769       3       jdk.internal.classfile.impl.DirectCodeBuilder::areturn (12 bytes)
Event: 8780.411 Thread 0x000001c0d51f4560 nmethod 44769 0x000001c0df130a08 code [0x000001c0df130b00, 0x000001c0df130cd8]
Event: 8780.411 Thread 0x000001c0d51f4560 44770       3       java.lang.invoke.ClassSpecializer$Factory$1$1Var::isInHeap (13 bytes)
Event: 8780.411 Thread 0x000001c0d51f4560 nmethod 44770 0x000001c0df131308 code [0x000001c0df131400, 0x000001c0df131558]
Event: 8780.411 Thread 0x000001c0d51f4560 44771       3       java.lang.invoke.ClassSpecializer$Factory$1$1Var::nextIndex (18 bytes)
Event: 8780.411 Thread 0x000001c0d51f4560 nmethod 44771 0x000001c0dfa10708 code [0x000001c0dfa10800, 0x000001c0dfa10b98]
Event: 8780.411 Thread 0x000001c0d51f4560 44772       3       java.lang.invoke.ClassSpecializer$Factory$1$1Var::<init> (137 bytes)
Event: 8780.412 Thread 0x000001c0d51f4560 nmethod 44772 0x000001c0dfd67688 code [0x000001c0dfd67780, 0x000001c0dfd692c8]
Event: 8780.412 Thread 0x000001c0d51f4560 44773       3       java.lang.invoke.ClassSpecializer$Factory$1$1Var::nextSlotIndex (24 bytes)
Event: 8780.412 Thread 0x000001c0d51f4560 nmethod 44773 0x000001c0dff45788 code [0x000001c0dff45880, 0x000001c0dff45c00]
Event: 8780.412 Thread 0x000001c0d51f4560 44775       3       java.lang.invoke.ClassSpecializer$Factory$1$1Var::emitLoadInstruction (19 bytes)
Event: 8780.412 Thread 0x000001c0d51f4560 nmethod 44775 0x000001c0df176508 code [0x000001c0df176600, 0x000001c0df1767b0]
Event: 8780.412 Thread 0x000001c0d51f4560 44776       3       jdk.internal.classfile.impl.DirectCodeBuilder::getfield (22 bytes)
Event: 8780.412 Thread 0x000001c0d51f4560 nmethod 44776 0x000001c0de929308 code [0x000001c0de929400, 0x000001c0de9298d0]

GC Heap Usage History (20 events):
Event: 8398.046 {heap Before GC invocations=1632 (full 7):
 PSYoungGen      total 32256K, used 32252K [0x00000000d5580000, 0x00000000d7900000, 0x0000000100000000)
  eden space 30720K, 100% used [0x00000000d5580000,0x00000000d7380000,0x00000000d7380000)
  from space 1536K, 99% used [0x00000000d7600000,0x00000000d777f060,0x00000000d7780000)
  to   space 2560K, 0% used [0x00000000d7380000,0x00000000d7380000,0x00000000d7600000)
 ParOldGen       total 860160K, used 340243K [0x0000000080000000, 0x00000000b4800000, 0x00000000d55Event: 8398.047 {heap After GC invocations=1632 (full 7):
 PSYoungGen      total 31744K, used 1000K [0x00000000d5580000, 0x00000000d7680000, 0x0000000100000000)
  eden space 30720K, 0% used [0x00000000d5580000,0x00000000d5580000,0x00000000d7380000)
  from space 1024K, 97% used [0x00000000d7380000,0x00000000d747a018,0x00000000d7480000)
  to   space 1536K, 0% used [0x00000000d7500000,0x00000000d7500000,0x00000000d7680000)
 ParOldGen       total 860160K, used 341681K [0x0000000080000000, 0x00000000b4800000, 0x00000000d558000Event: 8398.063 {heap Before GC invocations=1633 (full 7):
 PSYoungGen      total 31744K, used 31720K [0x00000000d5580000, 0x00000000d7680000, 0x0000000100000000)
  eden space 30720K, 100% used [0x00000000d5580000,0x00000000d7380000,0x00000000d7380000)
  from space 1024K, 97% used [0x00000000d7380000,0x00000000d747a018,0x00000000d7480000)
  to   space 1536K, 0% used [0x00000000d7500000,0x00000000d7500000,0x00000000d7680000)
 ParOldGen       total 860160K, used 341681K [0x0000000080000000, 0x00000000b4800000, 0x00000000d55Event: 8398.063 {heap After GC invocations=1633 (full 7):
 PSYoungGen      total 32768K, used 813K [0x00000000d5580000, 0x00000000d7680000, 0x0000000100000000)
  eden space 31232K, 0% used [0x00000000d5580000,0x00000000d5580000,0x00000000d7400000)
  from space 1536K, 52% used [0x00000000d7500000,0x00000000d75cb580,0x00000000d7680000)
  to   space 1024K, 0% used [0x00000000d7400000,0x00000000d7400000,0x00000000d7500000)
 ParOldGen       total 860160K, used 342465K [0x0000000080000000, 0x00000000b4800000, 0x00000000d5580000Event: 8398.075 {heap Before GC invocations=1634 (full 7):
 PSYoungGen      total 32768K, used 32045K [0x00000000d5580000, 0x00000000d7680000, 0x0000000100000000)
  eden space 31232K, 100% used [0x00000000d5580000,0x00000000d7400000,0x00000000d7400000)
  from space 1536K, 52% used [0x00000000d7500000,0x00000000d75cb580,0x00000000d7680000)
  to   space 1024K, 0% used [0x00000000d7400000,0x00000000d7400000,0x00000000d7500000)
 ParOldGen       total 860160K, used 342465K [0x0000000080000000, 0x00000000b4800000, 0x00000000d55Event: 8398.076 {heap After GC invocations=1634 (full 7):
 PSYoungGen      total 31744K, used 1004K [0x00000000d5580000, 0x00000000d7780000, 0x0000000100000000)
  eden space 30720K, 0% used [0x00000000d5580000,0x00000000d5580000,0x00000000d7380000)
  from space 1024K, 98% used [0x00000000d7400000,0x00000000d74fb3a8,0x00000000d7500000)
  to   space 2048K, 0% used [0x00000000d7580000,0x00000000d7580000,0x00000000d7780000)
 ParOldGen       total 860160K, used 343098K [0x0000000080000000, 0x00000000b4800000, 0x00000000d558000Event: 8398.090 {heap Before GC invocations=1635 (full 7):
 PSYoungGen      total 31744K, used 31724K [0x00000000d5580000, 0x00000000d7780000, 0x0000000100000000)
  eden space 30720K, 100% used [0x00000000d5580000,0x00000000d7380000,0x00000000d7380000)
  from space 1024K, 98% used [0x00000000d7400000,0x00000000d74fb3a8,0x00000000d7500000)
  to   space 2048K, 0% used [0x00000000d7580000,0x00000000d7580000,0x00000000d7780000)
 ParOldGen       total 860160K, used 343098K [0x0000000080000000, 0x00000000b4800000, 0x00000000d55Event: 8398.091 {heap After GC invocations=1635 (full 7):
 PSYoungGen      total 32768K, used 416K [0x00000000d5580000, 0x00000000d7680000, 0x0000000100000000)
  eden space 31744K, 0% used [0x00000000d5580000,0x00000000d5580000,0x00000000d7480000)
  from space 1024K, 40% used [0x00000000d7580000,0x00000000d75e8000,0x00000000d7680000)
  to   space 1024K, 0% used [0x00000000d7480000,0x00000000d7480000,0x00000000d7580000)
 ParOldGen       total 860160K, used 343964K [0x0000000080000000, 0x00000000b4800000, 0x00000000d5580000Event: 8398.101 {heap Before GC invocations=1636 (full 7):
 PSYoungGen      total 32768K, used 32160K [0x00000000d5580000, 0x00000000d7680000, 0x0000000100000000)
  eden space 31744K, 100% used [0x00000000d5580000,0x00000000d7480000,0x00000000d7480000)
  from space 1024K, 40% used [0x00000000d7580000,0x00000000d75e8000,0x00000000d7680000)
  to   space 1024K, 0% used [0x00000000d7480000,0x00000000d7480000,0x00000000d7580000)
 ParOldGen       total 860160K, used 343964K [0x0000000080000000, 0x00000000b4800000, 0x00000000d55Event: 8398.101 {heap After GC invocations=1636 (full 7):
 PSYoungGen      total 32768K, used 576K [0x00000000d5580000, 0x00000000d7680000, 0x0000000100000000)
  eden space 31744K, 0% used [0x00000000d5580000,0x00000000d5580000,0x00000000d7480000)
  from space 1024K, 56% used [0x00000000d7480000,0x00000000d7510000,0x00000000d7580000)
  to   space 1024K, 0% used [0x00000000d7580000,0x00000000d7580000,0x00000000d7680000)
 ParOldGen       total 860160K, used 344197K [0x0000000080000000, 0x00000000b4800000, 0x00000000d5580000Event: 8398.108 {heap Before GC invocations=1637 (full 7):
 PSYoungGen      total 32768K, used 32320K [0x00000000d5580000, 0x00000000d7680000, 0x0000000100000000)
  eden space 31744K, 100% used [0x00000000d5580000,0x00000000d7480000,0x00000000d7480000)
  from space 1024K, 56% used [0x00000000d7480000,0x00000000d7510000,0x00000000d7580000)
  to   space 1024K, 0% used [0x00000000d7580000,0x00000000d7580000,0x00000000d7680000)
 ParOldGen       total 860160K, used 344197K [0x0000000080000000, 0x00000000b4800000, 0x00000000d55Event: 8398.109 {heap After GC invocations=1637 (full 7):
 PSYoungGen      total 33280K, used 288K [0x00000000d5580000, 0x00000000d7680000, 0x0000000100000000)
  eden space 32256K, 0% used [0x00000000d5580000,0x00000000d5580000,0x00000000d7500000)
  from space 1024K, 28% used [0x00000000d7580000,0x00000000d75c8000,0x00000000d7680000)
  to   space 512K, 0% used [0x00000000d7500000,0x00000000d7500000,0x00000000d7580000)
 ParOldGen       total 860160K, used 344357K [0x0000000080000000, 0x00000000b4800000, 0x00000000d5580000)Event: 8398.115 {heap Before GC invocations=1638 (full 7):
 PSYoungGen      total 33280K, used 32544K [0x00000000d5580000, 0x00000000d7680000, 0x0000000100000000)
  eden space 32256K, 100% used [0x00000000d5580000,0x00000000d7500000,0x00000000d7500000)
  from space 1024K, 28% used [0x00000000d7580000,0x00000000d75c8000,0x00000000d7680000)
  to   space 512K, 0% used [0x00000000d7500000,0x00000000d7500000,0x00000000d7580000)
 ParOldGen       total 860160K, used 344357K [0x0000000080000000, 0x00000000b4800000, 0x00000000d558Event: 8398.116 {heap After GC invocations=1638 (full 7):
 PSYoungGen      total 32768K, used 320K [0x00000000d5580000, 0x00000000d7680000, 0x0000000100000000)
  eden space 32256K, 0% used [0x00000000d5580000,0x00000000d5580000,0x00000000d7500000)
  from space 512K, 62% used [0x00000000d7500000,0x00000000d7550000,0x00000000d7580000)
  to   space 512K, 0% used [0x00000000d7600000,0x00000000d7600000,0x00000000d7680000)
 ParOldGen       total 860160K, used 344445K [0x0000000080000000, 0x00000000b4800000, 0x00000000d5580000)
Event: 8398.123 {heap Before GC invocations=1639 (full 7):
 PSYoungGen      total 32768K, used 32576K [0x00000000d5580000, 0x00000000d7680000, 0x0000000100000000)
  eden space 32256K, 100% used [0x00000000d5580000,0x00000000d7500000,0x00000000d7500000)
  from space 512K, 62% used [0x00000000d7500000,0x00000000d7550000,0x00000000d7580000)
  to   space 512K, 0% used [0x00000000d7600000,0x00000000d7600000,0x00000000d7680000)
 ParOldGen       total 860160K, used 344445K [0x0000000080000000, 0x00000000b4800000, 0x00000000d5580Event: 8398.123 {heap After GC invocations=1639 (full 7):
 PSYoungGen      total 33280K, used 320K [0x00000000d5580000, 0x00000000d7680000, 0x0000000100000000)
  eden space 32768K, 0% used [0x00000000d5580000,0x00000000d5580000,0x00000000d7580000)
  from space 512K, 62% used [0x00000000d7600000,0x00000000d7650000,0x00000000d7680000)
  to   space 512K, 0% used [0x00000000d7580000,0x00000000d7580000,0x00000000d7600000)
 ParOldGen       total 860160K, used 344517K [0x0000000080000000, 0x00000000b4800000, 0x00000000d5580000)
Event: 8779.735 {heap Before GC invocations=1640 (full 7):
 PSYoungGen      total 33280K, used 33079K [0x00000000d5580000, 0x00000000d7680000, 0x0000000100000000)
  eden space 32768K, 99% used [0x00000000d5580000,0x00000000d757ddc8,0x00000000d7580000)
  from space 512K, 62% used [0x00000000d7600000,0x00000000d7650000,0x00000000d7680000)
  to   space 512K, 0% used [0x00000000d7580000,0x00000000d7580000,0x00000000d7600000)
 ParOldGen       total 860160K, used 344517K [0x0000000080000000, 0x00000000b4800000, 0x00000000d55800Event: 8779.736 {heap After GC invocations=1640 (full 7):
 PSYoungGen      total 32768K, used 512K [0x00000000d5580000, 0x00000000d7900000, 0x0000000100000000)
  eden space 32256K, 0% used [0x00000000d5580000,0x00000000d5580000,0x00000000d7500000)
  from space 512K, 100% used [0x00000000d7580000,0x00000000d7600000,0x00000000d7600000)
  to   space 2048K, 0% used [0x00000000d7700000,0x00000000d7700000,0x00000000d7900000)
 ParOldGen       total 860160K, used 345377K [0x0000000080000000, 0x00000000b4800000, 0x00000000d5580000Event: 8780.389 {heap Before GC invocations=1641 (full 7):
 PSYoungGen      total 32768K, used 32768K [0x00000000d5580000, 0x00000000d7900000, 0x0000000100000000)
  eden space 32256K, 100% used [0x00000000d5580000,0x00000000d7500000,0x00000000d7500000)
  from space 512K, 100% used [0x00000000d7580000,0x00000000d7600000,0x00000000d7600000)
  to   space 2048K, 0% used [0x00000000d7700000,0x00000000d7700000,0x00000000d7900000)
 ParOldGen       total 860160K, used 345377K [0x0000000080000000, 0x00000000b4800000, 0x00000000d55Event: 8780.390 {heap After GC invocations=1641 (full 7):
 PSYoungGen      total 33280K, used 1024K [0x00000000d5580000, 0x00000000d7880000, 0x0000000100000000)
  eden space 31744K, 0% used [0x00000000d5580000,0x00000000d5580000,0x00000000d7480000)
  from space 1536K, 66% used [0x00000000d7700000,0x00000000d7800020,0x00000000d7880000)
  to   space 1536K, 0% used [0x00000000d7580000,0x00000000d7580000,0x00000000d7700000)
 ParOldGen       total 860160K, used 345920K [0x0000000080000000, 0x00000000b4800000, 0x00000000d558000
Metaspace Usage History (20 events):
Event: 8398.046 {metaspace Before GC invocations=1632 (full 7):
 Metaspace       used 114559K, committed 116480K, reserved 1179648K
  class space    used 9988K, committed 10944K, reserved 1048576K
}
Event: 8398.047 {metaspace After GC invocations=1632 (full 7):
 Metaspace       used 114559K, committed 116480K, reserved 1179648K
  class space    used 9988K, committed 10944K, reserved 1048576K
}
Event: 8398.063 {metaspace Before GC invocations=1633 (full 7):
 Metaspace       used 114559K, committed 116480K, reserved 1179648K
  class space    used 9988K, committed 10944K, reserved 1048576K
}
Event: 8398.063 {metaspace After GC invocations=1633 (full 7):
 Metaspace       used 114559K, committed 116480K, reserved 1179648K
  class space    used 9988K, committed 10944K, reserved 1048576K
}
Event: 8398.075 {metaspace Before GC invocations=1634 (full 7):
 Metaspace       used 114559K, committed 116480K, reserved 1179648K
  class space    used 9988K, committed 10944K, reserved 1048576K
}
Event: 8398.076 {metaspace After GC invocations=1634 (full 7):
 Metaspace       used 114559K, committed 116480K, reserved 1179648K
  class space    used 9988K, committed 10944K, reserved 1048576K
}
Event: 8398.090 {metaspace Before GC invocations=1635 (full 7):
 Metaspace       used 114559K, committed 116480K, reserved 1179648K
  class space    used 9988K, committed 10944K, reserved 1048576K
}
Event: 8398.091 {metaspace After GC invocations=1635 (full 7):
 Metaspace       used 114559K, committed 116480K, reserved 1179648K
  class space    used 9988K, committed 10944K, reserved 1048576K
}
Event: 8398.101 {metaspace Before GC invocations=1636 (full 7):
 Metaspace       used 114559K, committed 116480K, reserved 1179648K
  class space    used 9988K, committed 10944K, reserved 1048576K
}
Event: 8398.101 {metaspace After GC invocations=1636 (full 7):
 Metaspace       used 114559K, committed 116480K, reserved 1179648K
  class space    used 9988K, committed 10944K, reserved 1048576K
}
Event: 8398.108 {metaspace Before GC invocations=1637 (full 7):
 Metaspace       used 114559K, committed 116480K, reserved 1179648K
  class space    used 9988K, committed 10944K, reserved 1048576K
}
Event: 8398.109 {metaspace After GC invocations=1637 (full 7):
 Metaspace       used 114559K, committed 116480K, reserved 1179648K
  class space    used 9988K, committed 10944K, reserved 1048576K
}
Event: 8398.115 {metaspace Before GC invocations=1638 (full 7):
 Metaspace       used 114559K, committed 116480K, reserved 1179648K
  class space    used 9988K, committed 10944K, reserved 1048576K
}
Event: 8398.116 {metaspace After GC invocations=1638 (full 7):
 Metaspace       used 114559K, committed 116480K, reserved 1179648K
  class space    used 9988K, committed 10944K, reserved 1048576K
}
Event: 8398.123 {metaspace Before GC invocations=1639 (full 7):
 Metaspace       used 114559K, committed 116480K, reserved 1179648K
  class space    used 9988K, committed 10944K, reserved 1048576K
}
Event: 8398.123 {metaspace After GC invocations=1639 (full 7):
 Metaspace       used 114559K, committed 116480K, reserved 1179648K
  class space    used 9988K, committed 10944K, reserved 1048576K
}
Event: 8779.735 {metaspace Before GC invocations=1640 (full 7):
 Metaspace       used 114703K, committed 116544K, reserved 1179648K
  class space    used 10007K, committed 10944K, reserved 1048576K
}
Event: 8779.736 {metaspace After GC invocations=1640 (full 7):
 Metaspace       used 114703K, committed 116544K, reserved 1179648K
  class space    used 10007K, committed 10944K, reserved 1048576K
}
Event: 8780.389 {metaspace Before GC invocations=1641 (full 7):
 Metaspace       used 115370K, committed 117440K, reserved 1179648K
  class space    used 10117K, committed 11136K, reserved 1048576K
}
Event: 8780.390 {metaspace After GC invocations=1641 (full 7):
 Metaspace       used 115370K, committed 117440K, reserved 1179648K
  class space    used 10117K, committed 11136K, reserved 1048576K
}

Dll operation events (14 events):
Event: 0.004 Loaded shared library d:\java\jdk25\bin\java.dll
Event: 0.012 Loaded shared library d:\java\jdk25\bin\zip.dll
Event: 0.040 Loaded shared library D:\Java\jdk25\bin\instrument.dll
Event: 0.041 Loaded shared library D:\Java\jdk25\bin\net.dll
Event: 0.042 Loaded shared library D:\Java\jdk25\bin\nio.dll
Event: 0.043 Loaded shared library D:\Java\jdk25\bin\zip.dll
Event: 0.050 Loaded shared library D:\Java\jdk25\bin\jimage.dll
Event: 0.080 Loaded shared library d:\java\jdk25\bin\verify.dll
Event: 0.564 Loaded shared library C:\Users\MuSong\AppData\Roaming\Code\User\globalStorage\redhat.java\1.53.2026013108\config_win\org.eclipse.equinox.launcher\org.eclipse.equinox.launcher.win32.win32.x86_64_1.2.1500.v20260121-1430\eclipse_11919.dll
Event: 1.274 Loaded shared library D:\Java\jdk25\bin\management.dll
Event: 1.275 Loaded shared library D:\Java\jdk25\bin\management_ext.dll
Event: 1.871 Loaded shared library C:\Users\MuSong\AppData\Local\Temp\jna--1979887875\jna3682148166798176943.dll
Event: 2.038 Loaded shared library D:\Java\jdk25\bin\sunmscapi.dll
Event: 2.073 Loaded shared library D:\Java\jdk25\bin\extnet.dll

Deoptimization events (20 events):
Event: 8780.337 Thread 0x000001c0f5a37250 Uncommon trap: trap_request=0xffffffde fr.pc=0x000001c0e71b1c64 relative=0x0000000000000d64
Event: 8780.337 Thread 0x000001c0f5a37250 Uncommon trap: reason=class_check action=maybe_recompile pc=0x000001c0e71b1c64 method=java.util.concurrent.ThreadPoolExecutor.getTask()Ljava/lang/Runnable; @ 31 c2
Event: 8780.337 Thread 0x000001c0f5a37250 DEOPT PACKING pc=0x000001c0e71b1c64 sp=0x0000008949bfeff0
Event: 8780.337 Thread 0x000001c0f5a37250 DEOPT UNPACKING pc=0x000001c0e50ba002 sp=0x0000008949bfefa8 mode 2
Event: 8780.337 Thread 0x000001c0f9a6f1f0 Uncommon trap: trap_request=0xffffff45 fr.pc=0x000001c0e68fffb8 relative=0x0000000000000838
Event: 8780.337 Thread 0x000001c0f9a6f1f0 Uncommon trap: reason=unstable_if action=reinterpret pc=0x000001c0e68fffb8 method=org.eclipse.osgi.internal.framework.BundleContextImpl.dispatchEvent(Ljava/lang/Object;Ljava/lang/Object;ILjava/lang/Object;)V @ 10 c2
Event: 8780.337 Thread 0x000001c0f9a6f1f0 DEOPT PACKING pc=0x000001c0e68fffb8 sp=0x0000008948ffed60
Event: 8780.337 Thread 0x000001c0f9a6f1f0 DEOPT UNPACKING pc=0x000001c0e50ba002 sp=0x0000008948ffed30 mode 2
Event: 8780.337 Thread 0x000001c0f9a6f1f0 Uncommon trap: trap_request=0xfffffff4 fr.pc=0x000001c0e5d42460 relative=0x00000000000043e0
Event: 8780.337 Thread 0x000001c0f9a6f1f0 Uncommon trap: reason=null_check action=make_not_entrant pc=0x000001c0e5d42460 method=java.lang.invoke.MethodTypeForm.cachedLambdaForm(I)Ljava/lang/invoke/LambdaForm; @ 15 c2
Event: 8780.337 Thread 0x000001c0f9a6f1f0 DEOPT PACKING pc=0x000001c0e5d42460 sp=0x0000008948ffde80
Event: 8780.337 Thread 0x000001c0f9a6f1f0 DEOPT UNPACKING pc=0x000001c0e50ba002 sp=0x0000008948ffdc88 mode 2
Event: 8780.386 Thread 0x000001c0d51e43c0 Uncommon trap: trap_request=0xffffff45 fr.pc=0x000001c0e6015cb4 relative=0x0000000000000534
Event: 8780.386 Thread 0x000001c0d51e43c0 Uncommon trap: reason=unstable_if action=reinterpret pc=0x000001c0e6015cb4 method=jdk.internal.classfile.impl.StackMapGenerator$Frame.pushStack(Ljava/lang/constant/ClassDesc;)Ljdk/internal/classfile/impl/StackMapGenerator$Frame; @ 61 c2
Event: 8780.386 Thread 0x000001c0d51e43c0 DEOPT PACKING pc=0x000001c0e6015cb4 sp=0x00000089482fd060
Event: 8780.386 Thread 0x000001c0d51e43c0 DEOPT UNPACKING pc=0x000001c0e50ba002 sp=0x00000089482fd000 mode 2
Event: 8780.406 Thread 0x000001c0d51e43c0 Uncommon trap: trap_request=0xffffff45 fr.pc=0x000001c0e71270a4 relative=0x0000000000000524
Event: 8780.406 Thread 0x000001c0d51e43c0 Uncommon trap: reason=unstable_if action=reinterpret pc=0x000001c0e71270a4 method=java.lang.invoke.MethodType.insertParameterTypes(I[Ljava/lang/Class;)Ljava/lang/invoke/MethodType; @ 48 c2
Event: 8780.406 Thread 0x000001c0d51e43c0 DEOPT PACKING pc=0x000001c0e71270a4 sp=0x00000089482fdd80
Event: 8780.406 Thread 0x000001c0d51e43c0 DEOPT UNPACKING pc=0x000001c0e50ba002 sp=0x00000089482fdd38 mode 2

Classes loaded (20 events):
Event: 8779.706 Loading class java/util/concurrent/Executors$DelegatedScheduledExecutorService
Event: 8779.706 Loading class java/util/concurrent/Executors$DelegatedExecutorService
Event: 8779.706 Loading class java/util/concurrent/Executors$DelegatedExecutorService done
Event: 8779.706 Loading class java/util/concurrent/Executors$DelegatedScheduledExecutorService done
Event: 8779.719 Loading class java/util/concurrent/ConcurrentHashMap$EntrySpliterator
Event: 8779.719 Loading class java/util/concurrent/ConcurrentHashMap$EntrySpliterator done
Event: 8779.722 Loading class java/util/zip/Deflater
Event: 8779.722 Loading class java/util/zip/Deflater done
Event: 8779.722 Loading class java/util/zip/Deflater$DeflaterZStreamRef
Event: 8779.722 Loading class java/util/zip/Deflater$DeflaterZStreamRef done
Event: 8780.306 Loading class javax/security/auth/login/Configuration
Event: 8780.306 Loading class javax/security/auth/login/Configuration done
Event: 8780.379 Loading class java/lang/invoke/GenerateJLIClassesHelper
Event: 8780.379 Loading class java/lang/invoke/GenerateJLIClassesHelper done
Event: 8780.379 Loading class java/lang/invoke/GenerateJLIClassesHelper$HolderClassBuilder
Event: 8780.379 Loading class java/lang/invoke/GenerateJLIClassesHelper$HolderClassBuilder done
Event: 8780.395 Loading class java/lang/invoke/BoundMethodHandle$Species_J
Event: 8780.395 Loading class java/lang/invoke/BoundMethodHandle$Species_J done
Event: 8780.405 Loading class java/lang/invoke/BoundMethodHandle$Species_F
Event: 8780.405 Loading class java/lang/invoke/BoundMethodHandle$Species_F done

Classes unloaded (20 events):
Event: 7874.575 Thread 0x000001c0d528de80 Unloading class 0x000000002c53a228 'org/codehaus/plexus/languages/java/jpms/ResolvePathsResult'
Event: 7874.575 Thread 0x000001c0d528de80 Unloading class 0x000001c0f222be10 'org/apache/maven/shared/utils/logging/MessageBuilder'
Event: 7874.575 Thread 0x000001c0d528de80 Unloading class 0x000001c0f222b2e8 'org/codehaus/plexus/compiler/util/scan/SourceInclusionScanner'
Event: 7874.575 Thread 0x000001c0d528de80 Unloading class 0x000000002c53a000 'org/apache/maven/shared/utils/io/DirectoryScanResult'
Event: 7874.575 Thread 0x000001c0d528de80 Unloading class 0x000000002c539c40 'org/apache/maven/shared/incremental/IncrementalBuildHelper'
Event: 7874.575 Thread 0x000001c0d528de80 Unloading class 0x000000002c539748 'org/codehaus/plexus/compiler/CompilerConfiguration'
Event: 7874.575 Thread 0x000001c0d528de80 Unloading class 0x000000002c538dd0 'org/codehaus/plexus/compiler/util/scan/mapping/SourceMapping'
Event: 7874.575 Thread 0x000001c0d528de80 Unloading class 0x000000002c5394e0 'org/codehaus/plexus/compiler/util/scan/InclusionScanException'
Event: 7874.575 Thread 0x000001c0d528de80 Unloading class 0x000000002c539268 'org/apache/maven/plugin/compiler/CompilationFailureException'
Event: 7874.575 Thread 0x000001c0d528de80 Unloading class 0x000000002c539000 'org/codehaus/plexus/compiler/CompilerException'
Event: 7874.575 Thread 0x000001c0d528de80 Unloading class 0x000000002c538b60 'org/codehaus/plexus/compiler/manager/NoSuchCompilerException'
Event: 7874.575 Thread 0x000001c0d528de80 Unloading class 0x000000002c538918 'org/codehaus/plexus/languages/java/jpms/LocationManager'
Event: 7874.575 Thread 0x000001c0d528de80 Unloading class 0x000001c0f2215850 'org/codehaus/plexus/compiler/javac/InProcessCompiler'
Event: 7874.575 Thread 0x000001c0d528de80 Unloading class 0x000001c0f2215460 'org/codehaus/plexus/compiler/Compiler'
Event: 7874.575 Thread 0x000001c0d528de80 Unloading class 0x000001c0f2214a98 'org/codehaus/plexus/compiler/manager/CompilerManager'
Event: 7874.575 Thread 0x000001c0d528de80 Unloading class 0x000000002c5385d0 'org/apache/maven/plugin/compiler/TestCompilerMojo'
Event: 7874.575 Thread 0x000001c0d528de80 Unloading class 0x000000002c538348 'org/apache/maven/plugins/maven_compiler_plugin/HelpMojo'
Event: 7874.575 Thread 0x000001c0d528de80 Unloading class 0x000000002c538000 'org/apache/maven/plugin/compiler/CompilerMojo'
Event: 7874.575 Thread 0x000001c0d528de80 Unloading class 0x000001c0f220a9e0 'org/apache/maven/plugin/compiler/AbstractCompilerMojo'
Event: 7874.575 Thread 0x000001c0d528de80 Unloading class 0x000000002c040000 'java/lang/invoke/LambdaForm$MH+0x000000002c040000'

Classes redefined (0 events):
No events

Internal exceptions (20 events):
Event: 8780.409 Thread 0x000001c0d51e43c0 Exception <a 'java/lang/NoSuchMethodError'{0x00000000d6c9b9c8}: 'long java.lang.invoke.Invokers$Holder.invoke_MT(java.lang.Object, java.lang.Object)'> (0x00000000d6c9b9c8) 
thrown [s\open\src\hotspot\share\interpreter\linkResolver.cpp, line 804]
Event: 8780.409 Thread 0x000001c0d51e43c0 Exception <a 'java/lang/NoSuchMethodError'{0x00000000d6ca7fb0}: 'java.lang.Object java.lang.invoke.Invokers$Holder.linkToCallSite(int, int, int, java.lang.Object)'> (0x00000000d6ca7fb0) 
thrown [s\open\src\hotspot\share\interpreter\linkResolver.cpp, line 804]
Event: 8780.409 Thread 0x000001c0d51e43c0 Exception <a 'java/lang/NoSuchMethodError'{0x00000000d6cb0aa0}: 'java.lang.Object java.lang.invoke.Invokers$Holder.linkToCallSite(int, long, java.lang.Object)'> (0x00000000d6cb0aa0) 
thrown [s\open\src\hotspot\share\interpreter\linkResolver.cpp, line 804]
Event: 8780.409 Thread 0x000001c0d51e43c0 Exception <a 'java/lang/NoSuchMethodError'{0x00000000d6cb8ea0}: 'java.lang.Object java.lang.invoke.Invokers$Holder.linkToCallSite(int, java.lang.Object, java.lang.Object, java.lang.Object)'> (0x00000000d6cb8ea0) 
thrown [s\open\src\hotspot\share\interpreter\linkResolver.cpp, line 804]
Event: 8780.409 Thread 0x000001c0d51e43c0 Exception <a 'java/lang/NoSuchMethodError'{0x00000000d6cc1230}: 'java.lang.Object java.lang.invoke.Invokers$Holder.linkToCallSite(int, java.lang.Object, java.lang.Object, java.lang.Object, java.lang.Object)'> (0x00000000d6cc1230) 
thrown [s\open\src\hotspot\share\interpreter\linkResolver.cpp, line 804]
Event: 8780.409 Thread 0x000001c0d51e43c0 Exception <a 'java/lang/NoSuchMethodError'{0x00000000d6ccb058}: 'java.lang.Object java.lang.invoke.Invokers$Holder.linkToCallSite(long, int, int, long, java.lang.Object)'> (0x00000000d6ccb058) 
thrown [s\open\src\hotspot\share\interpreter\linkResolver.cpp, line 804]
Event: 8780.409 Thread 0x000001c0d51e43c0 Exception <a 'java/lang/NoSuchMethodError'{0x00000000d6cd62c0}: 'java.lang.Object java.lang.invoke.Invokers$Holder.linkToCallSite(java.lang.Object, java.lang.Object, java.lang.Object, int, java.lang.Object, java.lang.Object, java.lang.Object)'> (0x00000000d6cd62c0) 
thrown [s\open\src\hotspot\share\interpreter\linkResolver.cpp, line 804]
Event: 8780.409 Thread 0x000001c0d51e43c0 Exception <a 'java/lang/NoSuchMethodError'{0x00000000d6cde840}: 'java.lang.Object java.lang.invoke.Invokers$Holder.linkToCallSite(java.lang.Object, java.lang.Object, java.lang.Object, int, java.lang.Object, java.lang.Object)'> (0x00000000d6cde840) 
thrown [s\open\src\hotspot\share\interpreter\linkResolver.cpp, line 804]
Event: 8780.409 Thread 0x000001c0d51e43c0 Exception <a 'java/lang/NoSuchMethodError'{0x00000000d6ceae50}: 'java.lang.Object java.lang.invoke.Invokers$Holder.linkToCallSite(java.lang.Object, java.lang.Object, java.lang.Object, java.lang.Object, java.lang.Object, java.lang.Object, java.lang.Object, java.lang.Object, java.lang.Object, int, java.lang.Object, java.lang.Object, java.lang.Object, java.lang.Object)'> (0x00000000d6ceae50) 
thrown [s\open\src\hotspot\share\interpreter\linkResolver.cpp, line 804]
Event: 8780.409 Thread 0x000001c0d51e43c0 Exception <a 'java/lang/NoSuchMethodError'{0x00000000d6cf6d28}: 'java.lang.Object java.lang.invoke.Invokers$Holder.linkToCallSite(java.lang.Object, int, int, java.lang.Object, java.lang.Object)'> (0x00000000d6cf6d28) 
thrown [s\open\src\hotspot\share\interpreter\linkResolver.cpp, line 804]
Event: 8780.409 Thread 0x000001c0d51e43c0 Exception <a 'java/lang/NoSuchMethodError'{0x00000000d6cff060}: 'java.lang.Object java.lang.invoke.Invokers$Holder.linkToCallSite(java.lang.Object, int, java.lang.Object, java.lang.Object, java.lang.Object)'> (0x00000000d6cff060) 
thrown [s\open\src\hotspot\share\interpreter\linkResolver.cpp, line 804]
Event: 8780.409 Thread 0x000001c0d51e43c0 Exception <a 'java/lang/NoSuchMethodError'{0x00000000d6d074e8}: 'java.lang.Object java.lang.invoke.Invokers$Holder.linkToCallSite(java.lang.Object, int, java.lang.Object, java.lang.Object, java.lang.Object, java.lang.Object, java.lang.Object)'> (0x00000000d6d074e8) 
thrown [s\open\src\hotspot\share\interpreter\linkResolver.cpp, line 804]
Event: 8780.410 Thread 0x000001c0d51e43c0 Exception <a 'java/lang/NoSuchMethodError'{0x00000000d6d0fcb8}: 'java.lang.Object java.lang.invoke.Invokers$Holder.linkToCallSite(java.lang.Object, int, java.lang.Object, int, java.lang.Object, java.lang.Object)'> (0x00000000d6d0fcb8) 
thrown [s\open\src\hotspot\share\interpreter\linkResolver.cpp, line 804]
Event: 8780.410 Thread 0x000001c0d51e43c0 Exception <a 'java/lang/NoSuchMethodError'{0x00000000d6d18040}: 'java.lang.Object java.lang.invoke.Invokers$Holder.linkToCallSite(java.lang.Object, int, java.lang.Object, java.lang.Object)'> (0x00000000d6d18040) 
thrown [s\open\src\hotspot\share\interpreter\linkResolver.cpp, line 804]
Event: 8780.410 Thread 0x000001c0d51e43c0 Exception <a 'java/lang/NoSuchMethodError'{0x00000000d6d21458}: 'java.lang.Object java.lang.invoke.Invokers$Holder.linkToCallSite(java.lang.Object, long, java.lang.Object, java.lang.Object)'> (0x00000000d6d21458) 
thrown [s\open\src\hotspot\share\interpreter\linkResolver.cpp, line 804]
Event: 8780.410 Thread 0x000001c0d51e43c0 Exception <a 'java/lang/NoSuchMethodError'{0x00000000d6d29720}: 'java.lang.Object java.lang.invoke.Invokers$Holder.linkToCallSite(java.lang.Object, long, java.lang.Object)'> (0x00000000d6d29720) 
thrown [s\open\src\hotspot\share\interpreter\linkResolver.cpp, line 804]
Event: 8780.410 Thread 0x000001c0d51e43c0 Exception <a 'java/lang/NoSuchMethodError'{0x00000000d6d31be8}: 'java.lang.Object java.lang.invoke.Invokers$Holder.linkToCallSite(java.lang.Object, java.lang.Object, int, int, int, java.lang.Object)'> (0x00000000d6d31be8) 
thrown [s\open\src\hotspot\share\interpreter\linkResolver.cpp, line 804]
Event: 8780.410 Thread 0x000001c0d51e43c0 Exception <a 'java/lang/NoSuchMethodError'{0x00000000d6d39fb0}: 'java.lang.Object java.lang.invoke.Invokers$Holder.linkToCallSite(java.lang.Object, java.lang.Object, int, java.lang.Object, java.lang.Object)'> (0x00000000d6d39fb0) 
thrown [s\open\src\hotspot\share\interpreter\linkResolver.cpp, line 804]
Event: 8780.410 Thread 0x000001c0d51e43c0 Exception <a 'java/lang/NoSuchMethodError'{0x00000000d6d42858}: 'java.lang.Object java.lang.invoke.Invokers$Holder.linkToCallSite(java.lang.Object, java.lang.Object, int, java.lang.Object)'> (0x00000000d6d42858) 
thrown [s\open\src\hotspot\share\interpreter\linkResolver.cpp, line 804]
Event: 8780.410 Thread 0x000001c0d51e43c0 Exception <a 'java/lang/NoSuchMethodError'{0x00000000d6d4ab30}: 'java.lang.Object java.lang.invoke.Invokers$Holder.linkToCallSite(java.lang.Object, java.lang.Object, long, java.lang.Object)'> (0x00000000d6d4ab30) 
thrown [s\open\src\hotspot\share\interpreter\linkResolver.cpp, line 804]

VM Operations (20 events):
Event: 8779.753 Executing non-safepoint VM operation: HandshakeAllThreads (Deoptimize) done
Event: 8780.323 Executing non-safepoint VM operation: HandshakeAllThreads (Deoptimize)
Event: 8780.324 Executing non-safepoint VM operation: HandshakeAllThreads (Deoptimize) done
Event: 8780.348 Executing non-safepoint VM operation: HandshakeAllThreads (Deoptimize)
Event: 8780.348 Executing non-safepoint VM operation: HandshakeAllThreads (Deoptimize) done
Event: 8780.352 Executing non-safepoint VM operation: HandshakeAllThreads (Deoptimize)
Event: 8780.352 Executing non-safepoint VM operation: HandshakeAllThreads (Deoptimize) done
Event: 8780.354 Executing non-safepoint VM operation: HandshakeAllThreads (Deoptimize)
Event: 8780.354 Executing non-safepoint VM operation: HandshakeAllThreads (Deoptimize) done
Event: 8780.355 Executing non-safepoint VM operation: HandshakeAllThreads (Deoptimize)
Event: 8780.355 Executing non-safepoint VM operation: HandshakeAllThreads (Deoptimize) done
Event: 8780.356 Executing non-safepoint VM operation: HandshakeAllThreads (Deoptimize)
Event: 8780.356 Executing non-safepoint VM operation: HandshakeAllThreads (Deoptimize) done
Event: 8780.358 Executing non-safepoint VM operation: HandshakeAllThreads (Deoptimize)
Event: 8780.358 Executing non-safepoint VM operation: HandshakeAllThreads (Deoptimize) done
Event: 8780.366 Executing non-safepoint VM operation: HandshakeAllThreads (Deoptimize)
Event: 8780.366 Executing non-safepoint VM operation: HandshakeAllThreads (Deoptimize) done
Event: 8780.389 Executing safepoint VM operation: ParallelCollectForAllocation (Allocation Failure)
Event: 8780.390 Executing safepoint VM operation: ParallelCollectForAllocation (Allocation Failure) done
Event: 8780.414 Executing safepoint VM operation: PopulateDumpSharedSpace

Memory protections (0 events):
No events

Nmethod flushes (20 events):
Event: 7874.627 Thread 0x000001c0d528de80 flushing  nmethod 0x000001c0e14f4308
Event: 7874.627 Thread 0x000001c0d528de80 flushing  nmethod 0x000001c0e14f5088
Event: 7874.627 Thread 0x000001c0d528de80 flushing  nmethod 0x000001c0e14fb508
Event: 7874.627 Thread 0x000001c0d528de80 flushing  nmethod 0x000001c0e14fcc88
Event: 7874.627 Thread 0x000001c0d528de80 flushing  nmethod 0x000001c0e1504f88
Event: 7874.627 Thread 0x000001c0d528de80 flushing  nmethod 0x000001c0e150d388
Event: 7874.627 Thread 0x000001c0d528de80 flushing  nmethod 0x000001c0e1515b08
Event: 7874.627 Thread 0x000001c0d528de80 flushing  nmethod 0x000001c0e1515e08
Event: 7874.627 Thread 0x000001c0d528de80 flushing osr nmethod 0x000001c0e1516688
Event: 7874.627 Thread 0x000001c0d528de80 flushing  nmethod 0x000001c0e151f388
Event: 7874.627 Thread 0x000001c0d528de80 flushing  nmethod 0x000001c0e1546808
Event: 7874.627 Thread 0x000001c0d528de80 flushing  nmethod 0x000001c0e1556808
Event: 7874.627 Thread 0x000001c0d528de80 flushing  nmethod 0x000001c0e159be08
Event: 7874.627 Thread 0x000001c0d528de80 flushing  nmethod 0x000001c0e15a6688
Event: 7874.627 Thread 0x000001c0d528de80 flushing  nmethod 0x000001c0e15b3508
Event: 7874.627 Thread 0x000001c0d528de80 flushing  nmethod 0x000001c0e15b3888
Event: 7874.627 Thread 0x000001c0d528de80 flushing  nmethod 0x000001c0e15b6888
Event: 7874.627 Thread 0x000001c0d528de80 flushing  nmethod 0x000001c0e15c5588
Event: 7874.627 Thread 0x000001c0d528de80 flushing  nmethod 0x000001c0e163dc08
Event: 7874.627 Thread 0x000001c0d528de80 flushing  nmethod 0x000001c0e181f408

Events (20 events):
Event: 8779.737 Thread 0x000001c0d51f4560 Thread added: 0x000001c0f81672b0
Event: 8779.737 Thread 0x000001c0d51e43c0 Thread added: 0x000001c0f9a6f1f0
Event: 8779.745 Thread 0x000001c0d51f4560 Thread added: 0x000001c0f8167ac0
Event: 8780.301 Thread 0x000001c0f6f71180 Thread exited: 0x000001c0f6f71180
Event: 8780.301 Thread 0x000001c0f8167ac0 Thread exited: 0x000001c0f8167ac0
Event: 8780.301 Thread 0x000001c0f81672b0 Thread exited: 0x000001c0f81672b0
Event: 8780.333 Thread 0x000001c0f6f6ea70 Thread exited: 0x000001c0f6f6ea70
Event: 8780.333 Thread 0x000001c0f95402d0 Thread exited: 0x000001c0f95402d0
Event: 8780.333 Thread 0x000001c0f72687a0 Thread exited: 0x000001c0f72687a0
Event: 8780.334 Thread 0x000001c0f58bf180 Thread exited: 0x000001c0f58bf180
Event: 8780.337 Thread 0x000001c0f5a34370 Thread exited: 0x000001c0f5a34370
Event: 8780.337 Thread 0x000001c0f5a37250 Thread exited: 0x000001c0f5a37250
Event: 8780.337 Thread 0x000001c0f5a39190 Thread exited: 0x000001c0f5a39190
Event: 8780.337 Thread 0x000001c0f5a39960 Thread exited: 0x000001c0f5a39960
Event: 8780.337 Thread 0x000001c0f5a34b40 Thread exited: 0x000001c0f5a34b40
Event: 8780.339 Thread 0x000001c0f9a6f1f0 Thread exited: 0x000001c0f9a6f1f0
Event: 8780.339 Thread 0x000001c0d51e43c0 Thread added: 0x000001c0fb7d8520
Event: 8780.339 Thread 0x000001c0fb7d8520 Thread exited: 0x000001c0fb7d8520
Event: 8780.339 Thread 0x000001c0d51e43c0 Before exit entered
Event: 8780.393 Thread 0x000001c0d51f4560 Thread added: 0x000001c0fb5132c0


Dynamic libraries:
0x00007ff6d3710000 - 0x00007ff6d3720000 	d:\java\jdk25\bin\java.exe
0x00007ffe823f0000 - 0x00007ffe825e8000 	C:\Windows\SYSTEM32\ntdll.dll
0x00007ffe81200000 - 0x00007ffe812c2000 	C:\Windows\System32\KERNEL32.DLL
0x00007ffe7fbb0000 - 0x00007ffe7fea6000 	C:\Windows\System32\KERNELBASE.dll
0x00007ffe7ffd0000 - 0x00007ffe800d0000 	C:\Windows\System32\ucrtbase.dll
0x00007ffe57bf0000 - 0x00007ffe57c07000 	d:\java\jdk25\bin\jli.dll
0x00007ffe53de0000 - 0x00007ffe53dfe000 	d:\java\jdk25\bin\VCRUNTIME140.dll
0x00007ffe81350000 - 0x00007ffe814f1000 	C:\Windows\System32\USER32.dll
0x00007ffe80160000 - 0x00007ffe80182000 	C:\Windows\System32\win32u.dll
0x00007ffe615e0000 - 0x00007ffe6187b000 	C:\Windows\WinSxS\amd64_microsoft.windows.common-controls_6595b64144ccf1df_6.0.19041.6456_none_60b8a6cb71f64256\COMCTL32.dll
0x00007ffe80410000 - 0x00007ffe8043b000 	C:\Windows\System32\GDI32.dll
0x00007ffe80dc0000 - 0x00007ffe80e5e000 	C:\Windows\System32\msvcrt.dll
0x00007ffe7feb0000 - 0x00007ffe7ffc9000 	C:\Windows\System32\gdi32full.dll
0x00007ffe80370000 - 0x00007ffe8040d000 	C:\Windows\System32\msvcp_win.dll
0x00007ffe81e90000 - 0x00007ffe81ebf000 	C:\Windows\System32\IMM32.DLL
0x00007ffe61a80000 - 0x00007ffe61a8c000 	d:\java\jdk25\bin\vcruntime140_1.dll
0x00007ffe47140000 - 0x00007ffe471cd000 	d:\java\jdk25\bin\msvcp140.dll
0x00007ffe0e430000 - 0x00007ffe0f28f000 	d:\java\jdk25\bin\server\jvm.dll
0x00007ffe82280000 - 0x00007ffe82331000 	C:\Windows\System32\ADVAPI32.dll
0x00007ffe81140000 - 0x00007ffe811df000 	C:\Windows\System32\sechost.dll
0x00007ffe80f70000 - 0x00007ffe81090000 	C:\Windows\System32\RPCRT4.dll
0x00007ffe7fb80000 - 0x00007ffe7fba7000 	C:\Windows\System32\bcrypt.dll
0x00007ffe81c70000 - 0x00007ffe81cdb000 	C:\Windows\System32\WS2_32.dll
0x00007ffe7f010000 - 0x00007ffe7f05b000 	C:\Windows\SYSTEM32\POWRPROF.dll
0x00007ffe759b0000 - 0x00007ffe759d7000 	C:\Windows\SYSTEM32\WINMM.dll
0x00007ffe78080000 - 0x00007ffe7808a000 	C:\Windows\SYSTEM32\VERSION.dll
0x00007ffe7ee80000 - 0x00007ffe7ee92000 	C:\Windows\SYSTEM32\UMPDC.dll
0x00007ffe7d910000 - 0x00007ffe7d922000 	C:\Windows\SYSTEM32\kernel.appcore.dll
0x00007ffe4e0c0000 - 0x00007ffe4e0ca000 	d:\java\jdk25\bin\jimage.dll
0x00007ffe75fa0000 - 0x00007ffe761a1000 	C:\Windows\SYSTEM32\DBGHELP.DLL
0x00007ffe6ba30000 - 0x00007ffe6ba64000 	C:\Windows\SYSTEM32\dbgcore.DLL
0x00007ffe800d0000 - 0x00007ffe80152000 	C:\Windows\System32\bcryptPrimitives.dll
0x00007ffe4e0b0000 - 0x00007ffe4e0c0000 	d:\java\jdk25\bin\instrument.dll
0x00007ffe4e090000 - 0x00007ffe4e0af000 	d:\java\jdk25\bin\java.dll
0x00007ffe80c10000 - 0x00007ffe80d3b000 	C:\Windows\System32\ole32.dll
0x00007ffe81f20000 - 0x00007ffe82274000 	C:\Windows\System32\combase.dll
0x00007ffe81500000 - 0x00007ffe81c70000 	C:\Windows\System32\SHELL32.dll
0x00007ffe4af00000 - 0x00007ffe4af17000 	d:\java\jdk25\bin\zip.dll
0x00007ffe7db10000 - 0x00007ffe7e2b5000 	C:\Windows\SYSTEM32\windows.storage.dll
0x00007ffe7f4b0000 - 0x00007ffe7f4db000 	C:\Windows\SYSTEM32\Wldp.dll
0x00007ffe804d0000 - 0x00007ffe8059d000 	C:\Windows\System32\OLEAUT32.dll
0x00007ffe80ec0000 - 0x00007ffe80f6d000 	C:\Windows\System32\SHCORE.dll
0x00007ffe812f0000 - 0x00007ffe8134b000 	C:\Windows\System32\shlwapi.dll
0x00007ffe7f9b0000 - 0x00007ffe7f9d4000 	C:\Windows\SYSTEM32\profapi.dll
0x00007ffe4a2a0000 - 0x00007ffe4a2b2000 	D:\Java\jdk25\bin\net.dll
0x00007ffe7f210000 - 0x00007ffe7f27a000 	C:\Windows\system32\mswsock.dll
0x00007ffe46ff0000 - 0x00007ffe47006000 	D:\Java\jdk25\bin\nio.dll
0x00007ffe4aef0000 - 0x00007ffe4af00000 	d:\java\jdk25\bin\verify.dll
0x00007ffe40cf0000 - 0x00007ffe40d35000 	C:\Users\MuSong\AppData\Roaming\Code\User\globalStorage\redhat.java\1.53.2026013108\config_win\org.eclipse.equinox.launcher\org.eclipse.equinox.launcher.win32.win32.x86_64_1.2.1500.v20260121-1430\eclipse_11919.dll
0x00007ffe4a290000 - 0x00007ffe4a29a000 	D:\Java\jdk25\bin\management.dll
0x00007ffe49a00000 - 0x00007ffe49a0c000 	D:\Java\jdk25\bin\management_ext.dll
0x00007ffe812d0000 - 0x00007ffe812d8000 	C:\Windows\System32\PSAPI.DLL
0x00007ffe7f410000 - 0x00007ffe7f428000 	C:\Windows\SYSTEM32\CRYPTSP.dll
0x00007ffe7eac0000 - 0x00007ffe7eaf8000 	C:\Windows\system32\rsaenh.dll
0x00007ffe7f930000 - 0x00007ffe7f95e000 	C:\Windows\SYSTEM32\USERENV.dll
0x00007ffe7f400000 - 0x00007ffe7f40c000 	C:\Windows\SYSTEM32\CRYPTBASE.dll
0x00007ffe7eea0000 - 0x00007ffe7eedb000 	C:\Windows\SYSTEM32\IPHLPAPI.DLL
0x00007ffe82340000 - 0x00007ffe82348000 	C:\Windows\System32\NSI.dll
0x00007ffe40270000 - 0x00007ffe402b9000 	C:\Users\MuSong\AppData\Local\Temp\jna--1979887875\jna3682148166798176943.dll
0x00007ffe794d0000 - 0x00007ffe795da000 	C:\Windows\SYSTEM32\winhttp.dll
0x00007ffe7a8f0000 - 0x00007ffe7a907000 	C:\Windows\SYSTEM32\dhcpcsvc6.DLL
0x00007ffe7b820000 - 0x00007ffe7b83d000 	C:\Windows\SYSTEM32\dhcpcsvc.DLL
0x00007ffe48df0000 - 0x00007ffe48dfe000 	D:\Java\jdk25\bin\sunmscapi.dll
0x00007ffe80210000 - 0x00007ffe8036d000 	C:\Windows\System32\CRYPT32.dll
0x00007ffe7f520000 - 0x00007ffe7f547000 	C:\Windows\SYSTEM32\ncrypt.dll
0x00007ffe7f4e0000 - 0x00007ffe7f51b000 	C:\Windows\SYSTEM32\NTASN1.dll
0x00007ffe7eee0000 - 0x00007ffe7efaa000 	C:\Windows\SYSTEM32\DNSAPI.dll
0x00007ffe7b6d0000 - 0x00007ffe7b6da000 	C:\Windows\System32\rasadhlp.dll
0x00007ffe742e0000 - 0x00007ffe74360000 	C:\Windows\System32\fwpuclnt.dll
0x00007ffe499d0000 - 0x00007ffe499d9000 	D:\Java\jdk25\bin\extnet.dll
0x00007ffe7ed10000 - 0x00007ffe7ed43000 	C:\Windows\SYSTEM32\ntmarta.dll

JVMTI agents:
c:\Users\MuSong\.vscode\extensions\redhat.java-1.53.2026013108-win32-x64\lombok\lombok-1.18.39-4050.jar path:d:\java\jdk25\bin\instrument.dll, loaded, initialized, instrumentlib options:none

dbghelp: loaded successfully - version: 4.0.5 - missing functions: none
symbol engine: initialized successfully - sym options: 0x614 - pdb path: .;d:\java\jdk25\bin;C:\Windows\SYSTEM32;C:\Windows\WinSxS\amd64_microsoft.windows.common-controls_6595b64144ccf1df_6.0.19041.6456_none_60b8a6cb71f64256;d:\java\jdk25\bin\server;C:\Users\MuSong\AppData\Roaming\Code\User\globalStorage\redhat.java\1.53.2026013108\config_win\org.eclipse.equinox.launcher\org.eclipse.equinox.launcher.win32.win32.x86_64_1.2.1500.v20260121-1430;C:\Users\MuSong\AppData\Local\Temp\jna--1979887875

VM Arguments:
jvm_args: -Djdk.xml.maxGeneralEntitySizeLimit=0 -Djdk.xml.totalEntitySizeLimit=0 --add-modules=ALL-SYSTEM --add-opens=java.base/java.util=ALL-UNNAMED --add-opens=java.base/java.lang=ALL-UNNAMED --add-opens=java.base/sun.nio.fs=ALL-UNNAMED -Declipse.application=org.eclipse.jdt.ls.core.id1 -Dosgi.bundles.defaultStartLevel=4 -Declipse.product=org.eclipse.jdt.ls.core.product -Djava.import.generatesMetadataFilesAtProjectRoot=false -DDetectVMInstallationsJob.disabled=true -Dfile.encoding=utf8 -XX:+UseParallelGC -XX:GCTimeRatio=4 -XX:AdaptiveSizePolicyWeight=90 -Dsun.zip.disableMemoryMapping=true -Xmx2G -Xms100m -Xlog:disable -javaagent:c:\Users\MuSong\.vscode\extensions\redhat.java-1.53.2026013108-win32-x64\lombok\lombok-1.18.39-4050.jar -XX:+HeapDumpOnOutOfMemoryError -XX:HeapDumpPath=c:\Users\MuSong\AppData\Roaming\Code\User\workspaceStorage\b76a47660dab33d7b2cbaf05f8abfcca\redhat.java -Daether.dependencyCollector.impl=bf -XX:+UnlockDiagnosticVMOptions -XX:+AllowArchivingWithJavaAgent -XX:+AutoCreateSharedArchive -XX:SharedArchiveFile=c:\Users\MuSong\AppData\Roaming\Code\User\globalStorage\redhat.java\1.53.2026013108\jdtls.jsa 
java_command: c:\Users\MuSong\.vscode\extensions\redhat.java-1.53.2026013108-win32-x64\server\plugins\org.eclipse.equinox.launcher_1.7.100.v20251111-0406.jar -configuration c:\Users\MuSong\AppData\Roaming\Code\User\globalStorage\redhat.java\1.53.2026013108\config_win -data c:\Users\MuSong\AppData\Roaming\Code\User\workspaceStorage\b76a47660dab33d7b2cbaf05f8abfcca\redhat.java\jdt_ws --pipe=\\.\pipe\lsp-22de37b9207a9b75d44d4e55dd7cad25-sock
java_class_path (initial): c:\Users\MuSong\.vscode\extensions\redhat.java-1.53.2026013108-win32-x64\server\plugins\org.eclipse.equinox.launcher_1.7.100.v20251111-0406.jar
Launcher Type: SUN_STANDARD

[Global flags]
     bool AOTInvokeDynamicLinking                  = false                                  {diagnostic} {ergonomic}
     bool AOTRecordTraining                        = false                                  {diagnostic} {ergonomic}
     bool AOTReplayTraining                        = false                                  {diagnostic} {ergonomic}
     uint AdaptiveSizePolicyWeight                 = 90                                        {product} {command line}
     bool AllowArchivingWithJavaAgent              = true                                   {diagnostic} {command line}
    ccstr ArchiveClassesAtExit                     = c:\Users\MuSong\AppData\Roaming\Code\User\globalStorage\redhat.java\1.53.2026013108\jdtls.jsa            {product} {ergonomic}
     bool AutoCreateSharedArchive                  = true                                      {product} {command line}
     intx CICompilerCount                          = 4                                         {product} {ergonomic}
     uint GCTimeRatio                              = 4                                         {product} {command line}
     bool HeapDumpOnOutOfMemoryError               = true                                   {manageable} {command line}
    ccstr HeapDumpPath                             = c:\Users\MuSong\AppData\Roaming\Code\User\workspaceStorage\b76a47660dab33d7b2cbaf05f8abfcca\redhat.java         {manageable} {command line}
   size_t InitialHeapSize                          = 104857600                                 {product} {command line}
   size_t MaxHeapSize                              = 2147483648                                {product} {command line}
   size_t MaxNewSize                               = 715653120                                 {product} {ergonomic}
   size_t MinHeapDeltaBytes                        = 524288                                    {product} {ergonomic}
   size_t MinHeapSize                              = 104857600                                 {product} {command line}
   size_t NewSize                                  = 34603008                                  {product} {ergonomic}
    uintx NonNMethodCodeHeapSize                   = 5832704                                {pd product} {ergonomic}
    uintx NonProfiledCodeHeapSize                  = 122945536                              {pd product} {ergonomic}
    uintx ProfiledCodeHeapSize                     = 122880000                              {pd product} {ergonomic}
    uintx ReservedCodeCacheSize                    = 251658240                              {pd product} {ergonomic}
     bool SegmentedCodeCache                       = true                                      {product} {ergonomic}
    ccstr SharedArchiveFile                        =                                           {product} {command line, ergonomic}
   size_t SoftMaxHeapSize                          = 2147483648                             {manageable} {ergonomic}
     bool UnlockDiagnosticVMOptions                = true                                   {diagnostic} {command line}
     bool UseCompressedOops                        = true                           {product lp64_product} {ergonomic}
     bool UseLargePagesIndividualAllocation        = false                                  {pd product} {ergonomic}
     bool UseParallelGC                            = true                                      {product} {command line}
      int X86ICacheSync                            = 3                                 {ARCH diagnostic} {ergonomic}

Logging:
Log output configuration:
 #0: stdout all=off uptime,level,tags foldmultilines=false
 #1: stderr all=off uptime,level,tags foldmultilines=false

Release file:
IMPLEMENTOR="Oracle Corporation" 
JAVA_RUNTIME_VERSION="25.0.1+8-LTS-27" 
JAVA_VERSION="25.0.1" 
JAVA_VERSION_DATE="2025-10-21" 
LIBC="default" 
MODULES="java.base java.compiler java.datatransfer java.xml java.prefs java.desktop java.instrument java.logging java.management java.security.sasl java.naming java.rmi java.management.rmi java.net.http java.scripting java.security.jgss java.transaction.xa java.sql java.sql.rowset java.xml.crypto java.se java.smartcardio jdk.accessibility jdk.internal.jvmstat jdk.attach jdk.charsets jdk.internal.opt jdk.zipfs jdk.compiler jdk.crypto.cryptoki jdk.crypto.ec jdk.crypto.mscapi jdk.dynalink jdk.internal.ed jdk.editpad jdk.internal.vm.ci jdk.graal.compiler jdk.graal.compiler.management jdk.hotspot.agent jdk.httpserver jdk.incubator.vector jdk.internal.le jdk.internal.md jdk.jartool jdk.javadoc jdk.jcmd jdk.management jdk.management.agent jdk.jconsole jdk.jdeps jdk.jdwp.agent jdk.jdi jdk.jfr jdk.jlink jdk.jpackage jdk.jshell jdk.jsobject jdk.jstatd jdk.localedata jdk.management.jfr jdk.naming.dns jdk.naming.rmi jdk.net jdk.nio.mapmode jdk.sctp jdk.security.auth jdk.security.jgss jdk.unsupported jdk.unsupported.desktop jdk.xml.dom" 
OS_ARCH="x86_64" 
OS_NAME="Windows" 
SOURCE=".:git:862c85bc42b7 open:git:78770bfaefd2" 

Environment Variables:
JAVA_HOME=D:\Java\jdk25
PATH=C:\Program Files\Common Files\Oracle\Java\javapath;C:\Windows\system32;C:\Windows;C:\Windows\System32\Wbem;C:\Windows\System32\WindowsPowerShell\v1.0\;C:\Windows\System32\OpenSSH\;C:\Program Files\NVIDIA Corporation\NVIDIA App\NvDLISR;C:\Program Files (x86)\NVIDIA Corporation\PhysX\Common;D:\Java\jdk25\bin;C:\Program Files\dotnet\;F:\GitApp\Git\cmd;C:\Users\MuSong\AppData\Local\Microsoft\WindowsApps;E:\VSCode\Microsoft VS Code\bin
USERNAME=MuSong
OS=Windows_NT
PROCESSOR_IDENTIFIER=AMD64 Family 26 Model 68 Stepping 0, AuthenticAMD
TMP=C:\Users\MuSong\AppData\Local\Temp
TEMP=C:\Users\MuSong\AppData\Local\Temp




Compilation memory statistics disabled.

Periodic native trim disabled

---------------  S Y S T E M  ---------------

OS:
 Windows 10 , 64 bit Build 19041 (10.0.19041.5915)
OS uptime: 0 days 19:50 hours

CPU: total 12 (initial active 12) (12 cores per cpu, 2 threads per core) family 26 model 68 stepping 0 microcode 0x0, cx8, cmov, fxsr, ht, mmx, 3dnowpref, sse, sse2, sse3, ssse3, sse4a, sse4.1, sse4.2, popcnt, lzcnt, tsc, tscinvbit, avx, avx2, aes, erms, clmul, bmi1, bmi2, adx, avx512f, avx512dq, avx512cd, avx512bw, avx512vl, sha, fma, vzeroupper, avx512_vpopcntdq, avx512_vpclmulqdq, avx512_vaes, avx512_vnni, clflush, clflushopt, clwb, avx512_vbmi2, avx512_vbmi, rdtscp, rdpid, fsrm, gfni, avx512_bitalg, f16c, pku, cet_ss, avx512_ifma
Processor Information for the first 12 processors :
  Max Mhz: 3900, Current Mhz: 3900, Mhz Limit: 3900

Memory: 4k page, system-wide physical 31862M (20511M free)
TotalPageFile size 36470M (AvailPageFile size 19879M)
current process WorkingSet (physical memory assigned to process): 1588M, peak: 1588M
current process commit charge ("private bytes"): 1495M, peak: 1495M

vm_info: Java HotSpot(TM) 64-Bit Server VM (25.0.1+8-LTS-27) for windows-amd64 JRE (25.0.1+8-LTS-27), built on 2025-09-25T16:41:16Z with unknown MS VC++:1943

END.
